WARNING:werkzeug: * Debugger is active!
INFO:werkzeug: * Debugger PIN: 127-260-296
INFO:werkzeug: * Running on http://127.0.0.1:8080/ (Press CTRL+C to quit)
INFO:werkzeug: * Detected change in 'C:\\temp\\ranking\\singletonGarmin.py', reloading
INFO:werkzeug: * DetecINFO:werkzeug: * Restarting with windowsapi reloader
INFO:werkzeug: * Restarting with windowsapi reloader
INFO:werkzeug: * Restarting with windowsapi reloader
INFO:werkzeug: * Restarting with windowsapi reloader
INFO:werkzeug: * Restarting with windowsapi reloader
INFO:werkzeug: * Restarting with windowsapi reloader
INFO:werkzeug: * Restarting with windowsapi reloader
INFO:werkzeug: * Restarting with windowsapi reloader
INFO:werkzeug: * Restarting with windowsapi reloader
INFO:werkzeug: * Restarting with windowsapi reloader
INFO:werkzeug: * Restarting with windowsapi reloader
INFO:werkzeug: * Restarting with windowsapi reloader
INFO:werkzeug: * Restarting with windowsapi reloader
INFO:werkzeug: * Restarting with windowsapi reloader
INFO:werkzeug: * Restarting with windowsapi reloader
INFO:werkzeug: * Restarting with windowsapi reloader
INFO:werkzeug: * Restarting with windowsapi reloader
INFO:werkzeug: * Restarting with windowsapi reloader
INFO:werkzeug: * Restarting with windowsapi reloader
INFO:werkzeug: * Restarting with windowsapi reloader
INFO:werkzeug: * Restarting with windowsapi reloader
INFO:werkzeug: * Restarting with windowsapi reloader
INFO:werkzeug: * Restarting with windowsapi reloader
INFO:werkzeug: * Restarting with windowsapi reloader
INFO:werkzeug: * Restarting with windowsapi reloader
INFO:werkzeug: * Restarting with windowsapi reloader
INFO:werkzeug: * Restarting with windowsapi reloader
INFO:werkzeug: * Restarting with windowsapi reloader
INFO:werkzeug: * Restarting with windowsapi reloader
INFO:werkzeug: * Restarting with windowsapi reloader
INFO:werkzeug: * Restarting with windowsapi reloader
INFO:werkzeug: * Restarting with windowsapi reloader
INFO:werkzeug: * Restarting with windowsapi reloader
INFO:werkzeug: * Restarting with windowsapi reloader
INFO:werkzeug: * Restarting with windowsapi reloader
INFO:werkzeug: * Restarting with windowsapi reloader
INFO:werkzeug: * Restarting with windowsapi reloader
INFO:werkzeug: * Restarting with windowsapi reloader
INFO:werkzeug: * Restarting with windowsapi reloader
INFO:werkzeug: * Restarting with windowsapi reloader
INFO:werkzeug: * Restarting with windowsapi reloader
INFO:werkzeug: * Restarting with windowsapi reloader
INFO:werkzeug: * Restarting with windowsapi reloader
INFO:werkzeug: * Restarting with windowsapi reloader
INFO:werkzeug: * Restarting with windowsapi reloader
INFO:werkzeug: * Restarting with windowsapi reloader
INFO:werkzeug: * Restarting with windowsapi reloader
INFO:werkzeug: * Restarting with windowsapi reloader
INFO:werkzeug: * Restarting with windowsapi reloader
INFO:werkzeug: * Restarting with windowsapi reloader
INFO:werkzeug: * Restarting with windowsapi reloader
INFO:werkzeug: * Restarting with windowsapi reloader
INFO:werkzeug: * Restarting with windowsapi reloader
INFO:werkzeug: * Restarting with windowsapi reloader
INFO:werkzeug: * Restarting with windowsapi reloader
INFO:werkzeug: * Restarting with windowsapi reloader
INFO:werkzeug: * Restarting with windowsapi reloader
INFO:werkzeug: * Restarting with windowsapi reloader
INFO:werkzeug: * Restarting with windowsapi reloader
INFO:werkzeug: * Restarting with windowsapi reloader
INFO:werkzeug: * Restarting with windowsapi reloader
